[2026-07-07T04:24:30.367Z] [ERROR] Email transporter error:
Error: Missing credentials for "PLAIN"
Stack: Error: Missing credentials for "PLAIN"
    at SMTPConnection._formatError (D:\CharityConnect\Backend\node_modules\nodemailer\lib\smtp-connection\index.js:938:19)
    at SMTPConnection.login (D:\CharityConnect\Backend\node_modules\nodemailer\lib\smtp-connection\index.js:567:38)
    at D:\CharityConnect\Backend\node_modules\nodemailer\lib\smtp-transport\index.js:386:32
    at SMTPConnection.<anonymous> (D:\CharityConnect\Backend\node_modules\nodemailer\lib\smtp-connection\index.js:255:17)
    at Object.onceWrapper (node:events:622:28)
    at SMTPConnection.emit (node:events:508:28)
    at SMTPConnection._actionEHLO (D:\CharityConnect\Backend\node_modules\nodemailer\lib\smtp-connection\index.js:1568:14)
    at SMTPConnection._processResponse (D:\CharityConnect\Backend\node_modules\nodemailer\lib\smtp-connection\index.js:1150:20)
    at SMTPConnection._onData (D:\CharityConnect\Backend\node_modules\nodemailer\lib\smtp-connection\index.js:898:14)
    at SMTPConnection._onSocketData (D:\CharityConnect\Backend\node_modules\nodemailer\lib\smtp-connection\index.js:224:44)
[2026-07-07T07:48:17.538Z] [ERROR] Email send error:
Error: transporter.sendMail is not a function
Stack: TypeError: transporter.sendMail is not a function
    at sendEmail (D:\CharityConnect\Backend\utils\emailService.js:396:36)
    at OTPService.sendOTPEmail (D:\CharityConnect\Backend\utils\otpService.js:177:13)
    at D:\CharityConnect\Backend\routes\auth\otpRoute.js:40:37
    at Layer.handleRequest (D:\CharityConnect\Backend\node_modules\router\lib\layer.js:152:17)
    at next (D:\CharityConnect\Backend\node_modules\router\lib\route.js:157:13)
    at D:\CharityConnect\Backend\node_modules\express-rate-limit\dist\index.cjs:999:7
    at process.processTicksAndRejections (node:internal/process/task_queues:103:5)
    at async D:\CharityConnect\Backend\node_modules\express-rate-limit\dist\index.cjs:854:5
[2026-07-07T07:48:17.539Z] [ERROR] Error sending OTP email:
Error: transporter.sendMail is not a function
Stack: TypeError: transporter.sendMail is not a function
    at sendEmail (D:\CharityConnect\Backend\utils\emailService.js:396:36)
    at OTPService.sendOTPEmail (D:\CharityConnect\Backend\utils\otpService.js:177:13)
    at D:\CharityConnect\Backend\routes\auth\otpRoute.js:40:37
    at Layer.handleRequest (D:\CharityConnect\Backend\node_modules\router\lib\layer.js:152:17)
    at next (D:\CharityConnect\Backend\node_modules\router\lib\route.js:157:13)
    at D:\CharityConnect\Backend\node_modules\express-rate-limit\dist\index.cjs:999:7
    at process.processTicksAndRejections (node:internal/process/task_queues:103:5)
    at async D:\CharityConnect\Backend\node_modules\express-rate-limit\dist\index.cjs:854:5
[2026-07-07T08:03:31.638Z] [ERROR] Email send error:
Error: transporter.sendMail is not a function
Stack: TypeError: transporter.sendMail is not a function
    at sendEmail (D:\CharityConnect\Backend\utils\emailService.js:396:36)
    at OTPService.sendOTPEmail (D:\CharityConnect\Backend\utils\otpService.js:177:13)
    at D:\CharityConnect\Backend\routes\auth\otpRoute.js:40:37
    at Layer.handleRequest (D:\CharityConnect\Backend\node_modules\router\lib\layer.js:152:17)
    at next (D:\CharityConnect\Backend\node_modules\router\lib\route.js:157:13)
    at D:\CharityConnect\Backend\node_modules\express-rate-limit\dist\index.cjs:999:7
    at process.processTicksAndRejections (node:internal/process/task_queues:103:5)
    at async D:\CharityConnect\Backend\node_modules\express-rate-limit\dist\index.cjs:854:5
[2026-07-07T08:03:31.638Z] [ERROR] Error sending OTP email:
Error: transporter.sendMail is not a function
Stack: TypeError: transporter.sendMail is not a function
    at sendEmail (D:\CharityConnect\Backend\utils\emailService.js:396:36)
    at OTPService.sendOTPEmail (D:\CharityConnect\Backend\utils\otpService.js:177:13)
    at D:\CharityConnect\Backend\routes\auth\otpRoute.js:40:37
    at Layer.handleRequest (D:\CharityConnect\Backend\node_modules\router\lib\layer.js:152:17)
    at next (D:\CharityConnect\Backend\node_modules\router\lib\route.js:157:13)
    at D:\CharityConnect\Backend\node_modules\express-rate-limit\dist\index.cjs:999:7
    at process.processTicksAndRejections (node:internal/process/task_queues:103:5)
    at async D:\CharityConnect\Backend\node_modules\express-rate-limit\dist\index.cjs:854:5
[2026-07-07T08:21:32.281Z] [ERROR] Error sending OTP email:
Error: transporter is not defined
Stack: ReferenceError: transporter is not defined
    at sendEmail (D:\CharityConnect\Backend\utils\emailService.js:361:3)
    at OTPService.sendOTPEmail (D:\CharityConnect\Backend\utils\otpService.js:177:13)
    at D:\CharityConnect\Backend\routes\auth\otpRoute.js:40:37
    at Layer.handleRequest (D:\CharityConnect\Backend\node_modules\router\lib\layer.js:152:17)
    at next (D:\CharityConnect\Backend\node_modules\router\lib\route.js:157:13)
    at D:\CharityConnect\Backend\node_modules\express-rate-limit\dist\index.cjs:999:7
    at process.processTicksAndRejections (node:internal/process/task_queues:103:5)
    at async D:\CharityConnect\Backend\node_modules\express-rate-limit\dist\index.cjs:854:5
[2026-07-07T08:23:51.149Z] [ERROR] Email send error:
Error: Cannot read properties of undefined (reading 'getSocket')
Stack: TypeError: Cannot read properties of undefined (reading 'getSocket')
    at sendMail (D:\CharityConnect\Backend\node_modules\nodemailer\lib\mailer\index.js:155:25)
    at sendEmail (D:\CharityConnect\Backend\utils\emailService.js:396:24)
    at OTPService.sendOTPEmail (D:\CharityConnect\Backend\utils\otpService.js:177:13)
    at D:\CharityConnect\Backend\routes\auth\otpRoute.js:40:37
    at Layer.handleRequest (D:\CharityConnect\Backend\node_modules\router\lib\layer.js:152:17)
    at next (D:\CharityConnect\Backend\node_modules\router\lib\route.js:157:13)
    at D:\CharityConnect\Backend\node_modules\express-rate-limit\dist\index.cjs:999:7
    at process.processTicksAndRejections (node:internal/process/task_queues:103:5)
    at async D:\CharityConnect\Backend\node_modules\express-rate-limit\dist\index.cjs:854:5
[2026-07-07T08:23:51.150Z] [ERROR] Error sending OTP email:
Error: Cannot read properties of undefined (reading 'getSocket')
Stack: TypeError: Cannot read properties of undefined (reading 'getSocket')
    at sendMail (D:\CharityConnect\Backend\node_modules\nodemailer\lib\mailer\index.js:155:25)
    at sendEmail (D:\CharityConnect\Backend\utils\emailService.js:396:24)
    at OTPService.sendOTPEmail (D:\CharityConnect\Backend\utils\otpService.js:177:13)
    at D:\CharityConnect\Backend\routes\auth\otpRoute.js:40:37
    at Layer.handleRequest (D:\CharityConnect\Backend\node_modules\router\lib\layer.js:152:17)
    at next (D:\CharityConnect\Backend\node_modules\router\lib\route.js:157:13)
    at D:\CharityConnect\Backend\node_modules\express-rate-limit\dist\index.cjs:999:7
    at process.processTicksAndRejections (node:internal/process/task_queues:103:5)
    at async D:\CharityConnect\Backend\node_modules\express-rate-limit\dist\index.cjs:854:5
[2026-07-10T04:54:35.583Z] [ERROR] Email transporter verification failed:
Error: getaddrinfo ENOTFOUND smtp.gmail.com
Stack: Error: getaddrinfo ENOTFOUND smtp.gmail.com
    at GetAddrInfoReqWrap.onlookupall [as oncomplete] (node:dns:122:26)
